<?xml version="1.0" encoding="UTF-8"?>
<!-- Generated by org.testng.reporters.JUnitXMLReporter -->
<testsuite ignored="0" hostname="DESKTOP-6QOO14N" failures="0" tests="5" name="Default test" time="111.382" errors="0" timestamp="2023-01-03T00:01:05 IST">
  <testcase classname="tasecases.callPageTest" name="verifyLabelOnCallPage" time="0.062"/>
  <testcase classname="tasecases.callPageTest" name="verifyTitleOfCallPage" time="0.013"/>
  <testcase classname="tasecases.callPageTest" name="verifyaddedInformation" time="3.665"/>
  <testcase classname="tasecases.callPageTest" name="verifyaddedInformation" time="3.819"/>
  <testcase classname="tasecases.callPageTest" name="verifyaddedInformation" time="4.936"/>
</testsuite> <!-- Default test -->
