<?xml version="1.0" encoding="UTF-8"?>
<testng-results ignored="0" total="1" passed="1" failed="0" skipped="0">
  <reporter-output>
  </reporter-output>
  <suite started-at="2022-12-21T07:03:07 IST" name="Default suite" finished-at="2022-12-21T07:03:49 IST" duration-ms="42633">
    <groups>
    </groups>
    <test started-at="2022-12-21T07:03:07 IST" name="Default test" finished-at="2022-12-21T07:03:49 IST" duration-ms="42633">
      <class name="tasecases.calenderPageTest">
        <test-method is-config="true" signature="setUP()[pri:0, instance:tasecases.calenderPageTest@6e171cd7]" started-at="2022-12-21T07:03:07 IST" name="setUP" finished-at="2022-12-21T07:03:39 IST" duration-ms="32176" status="PASS">
          <reporter-output>
          </reporter-output>
        </test-method> <!-- setUP -->
        <test-method signature="validateDateSelection()[pri:0, instance:tasecases.calenderPageTest@6e171cd7]" started-at="2022-12-21T07:03:39 IST" name="validateDateSelection" finished-at="2022-12-21T07:03:46 IST" duration-ms="6678" status="PASS">
          <reporter-output>
          </reporter-output>
        </test-method> <!-- validateDateSelection -->
        <test-method is-config="true" signature="tearDown()[pri:0, instance:tasecases.calenderPageTest@6e171cd7]" started-at="2022-12-21T07:03:46 IST" name="tearDown" finished-at="2022-12-21T07:03:49 IST" duration-ms="3743" status="PASS">
          <reporter-output>
          </reporter-output>
        </test-method> <!-- tearDown -->
      </class> <!-- tasecases.calenderPageTest -->
    </test> <!-- Default test -->
  </suite> <!-- Default suite -->
</testng-results>
